1695751570368	geckodriver	INFO	Listening on 127.0.0.1:60159
1695751570918	mozrunner::runner	INFO	Running command: MOZ_CRASHREPORTER="1" MOZ_CRASHREPORTER_NO_REPORT="1" MOZ_CRASHREPORTER_SHUTDOWN="1" MOZ_NO_REMOTE="1" "/usr ... te" "--remote-debugging-port" "44545" "--remote-allow-hosts" "localhost" "-no-remote" "-profile" "/tmp/rust_mozprofileoYf27P"
console.warn: services.settings: Ignoring preference override of remote settings server
console.warn: services.settings: Allow by setting MOZ_REMOTE_SETTINGS_DEVTOOLS=1 in the environment
[GFX1-]: vaapitest: ERROR
[GFX1-]: vaapitest: VA-API test failed: libva-drm.so.2 is missing.

ATTENTION: default value of option mesa_glthread overridden by environment.
ATTENTION: default value of option mesa_glthread overridden by environment.
ATTENTION: default value of option mesa_glthread overridden by environment.
1695751573511	Marionette	INFO	Marionette enabled
1695751573682	Marionette	INFO	Listening on port 36533
WebDriver BiDi listening on ws://127.0.0.1:44545
Read port: 36533
1695751574005	RemoteAgent	WARN	TLS certificate errors will be ignored for this session
console.error: ({})
DevTools listening on ws://127.0.0.1:44545/devtools/browser/c8152f30-8bd8-447f-a282-6c30c540c108
JavaScript error: resource://gre/modules/LoginManagerChild.sys.mjs, line 121: NS_NOINTERFACE: Component returned failure code: 0x80004002 (NS_NOINTERFACE) [nsIWebProgress.DOMWindow]
JavaScript error: resource://gre/modules/LoginManagerChild.sys.mjs, line 121: NS_NOINTERFACE: Component returned failure code: 0x80004002 (NS_NOINTERFACE) [nsIWebProgress.DOMWindow]
console.warn: LoginRecipes: "Falling back to a synchronous message for: https://www.turnitin.com."
console.warn: LoginRecipes: "Falling back to a synchronous message for: https://www.turnitin.com."
console.error: "update.locale" " file doesn't exist in either the application or GRE directories"
Exiting due to channel error.
Exiting due to channel error.
Exiting due to channel error.
Exiting due to channel error.
Exiting due to channel error.
1695751869475	geckodriver	INFO	Listening on 127.0.0.1:57591
1695751869484	mozrunner::runner	INFO	Running command: MOZ_CRASHREPORTER="1" MOZ_CRASHREPORTER_NO_REPORT="1" MOZ_CRASHREPORTER_SHUTDOWN="1" MOZ_NO_REMOTE="1" "/usr ... te" "--remote-debugging-port" "52801" "--remote-allow-hosts" "localhost" "-no-remote" "-profile" "/tmp/rust_mozprofileSc8ASR"
console.warn: services.settings: Ignoring preference override of remote settings server
console.warn: services.settings: Allow by setting MOZ_REMOTE_SETTINGS_DEVTOOLS=1 in the environment
[GFX1-]: vaapitest: ERROR
[GFX1-]: vaapitest: VA-API test failed: libva-drm.so.2 is missing.

ATTENTION: default value of option mesa_glthread overridden by environment.
ATTENTION: default value of option mesa_glthread overridden by environment.
ATTENTION: default value of option mesa_glthread overridden by environment.
1695751870889	Marionette	INFO	Marionette enabled
1695751871068	Marionette	INFO	Listening on port 46203
Read port: 46203
WebDriver BiDi listening on ws://127.0.0.1:52801
1695751871197	RemoteAgent	WARN	TLS certificate errors will be ignored for this session
console.error: ({})
DevTools listening on ws://127.0.0.1:52801/devtools/browser/7e559e04-ff76-4451-876a-4cf3337eed50
JavaScript error: resource://gre/modules/LoginManagerChild.sys.mjs, line 121: NS_NOINTERFACE: Component returned failure code: 0x80004002 (NS_NOINTERFACE) [nsIWebProgress.DOMWindow]
JavaScript error: resource://gre/modules/LoginManagerChild.sys.mjs, line 121: NS_NOINTERFACE: Component returned failure code: 0x80004002 (NS_NOINTERFACE) [nsIWebProgress.DOMWindow]
console.warn: LoginRecipes: "Falling back to a synchronous message for: https://www.turnitin.com."
console.warn: LoginRecipes: "Falling back to a synchronous message for: https://www.turnitin.com."
console.error: "update.locale" " file doesn't exist in either the application or GRE directories"
Exiting due to channel error.
Exiting due to channel error.
Exiting due to channel error.
Exiting due to channel error.
Exiting due to channel error.
1695752012977	geckodriver	INFO	Listening on 127.0.0.1:60015
1695752012988	mozrunner::runner	INFO	Running command: MOZ_CRASHREPORTER="1" MOZ_CRASHREPORTER_NO_REPORT="1" MOZ_CRASHREPORTER_SHUTDOWN="1" MOZ_NO_REMOTE="1" "/usr ... te" "--remote-debugging-port" "45493" "--remote-allow-hosts" "localhost" "-no-remote" "-profile" "/tmp/rust_mozprofileew46So"
console.warn: services.settings: Ignoring preference override of remote settings server
console.warn: services.settings: Allow by setting MOZ_REMOTE_SETTINGS_DEVTOOLS=1 in the environment
[GFX1-]: vaapitest: ERROR
[GFX1-]: vaapitest: VA-API test failed: libva-drm.so.2 is missing.

ATTENTION: default value of option mesa_glthread overridden by environment.
ATTENTION: default value of option mesa_glthread overridden by environment.
ATTENTION: default value of option mesa_glthread overridden by environment.
1695752014293	Marionette	INFO	Marionette enabled
1695752014416	Marionette	INFO	Listening on port 34905
WebDriver BiDi listening on ws://127.0.0.1:45493
Read port: 34905
1695752014752	RemoteAgent	WARN	TLS certificate errors will be ignored for this session
console.error: ({})
DevTools listening on ws://127.0.0.1:45493/devtools/browser/cd6e91cb-d6a9-440d-ae01-343e342cf6de
JavaScript error: resource://gre/modules/LoginManagerChild.sys.mjs, line 121: NS_NOINTERFACE: Component returned failure code: 0x80004002 (NS_NOINTERFACE) [nsIWebProgress.DOMWindow]
JavaScript error: resource://gre/modules/LoginManagerChild.sys.mjs, line 121: NS_NOINTERFACE: Component returned failure code: 0x80004002 (NS_NOINTERFACE) [nsIWebProgress.DOMWindow]
console.warn: LoginRecipes: "Falling back to a synchronous message for: https://www.turnitin.com."
console.warn: LoginRecipes: "Falling back to a synchronous message for: https://www.turnitin.com."
console.warn: "Failed to add session data entry for frame targets in browsing context" 11
console.warn: (new AbortError("Actor 'DevToolsFrame' destroyed before query 'DevToolsFrameParent:addSessionDataEntry' was resolved", (void 0)))
console.error: "Unable to find target with innerWindowId:6442450945"
console.error: (new TypeError("this._cssProperties is undefined", "resource://devtools/client/inspector/inspector.js", 526))
console.error: "Unable to find target with innerWindowId:6442450945"
1695752032670	Marionette	INFO	Stopped listening on port 34905
console.error: (new Error("Connection closed, pending request to server0.conn0.windowGlobal6442450950/inspectorActor4, type supportsHighlighters failed\n\nRequest stack:\nrequest@resource://devtools/shared/protocol/Front.js:300:14\ngenerateRequestMethods/</frontProto[name]@resource://devtools/shared/protocol/Front/FrontClassWithSpec.js:47:19\nsupportsEyeDropper@resource://devtools/client/inspector/inspector.js:1356:40\nsetupToolbar@resource://devtools/client/inspector/inspector.js:1374:42\nonRootNodeAvailable@resource://devtools/client/inspector/inspector.js:381:12\n", "resource://devtools/shared/protocol/Front.js", 106))
JavaScript error: , line 0: NotFoundError: No such JSWindowActor 'DevToolsFrame'
JavaScript error: resource://devtools/client/fronts/inspector.js, line 148: Error: The target doesn't support creating highlighters by types or BoxModelHighlighter is unknown
JavaScript error: resource://devtools/client/fronts/inspector.js, line 148: Error: The target doesn't support creating highlighters by types or BoxModelHighlighter is unknown
JavaScript error: resource://devtools/client/fronts/inspector.js, line 148: Error: The target doesn't support creating highlighters by types or BoxModelHighlighter is unknown
JavaScript error: resource://devtools/client/fronts/inspector.js, line 148: Error: The target doesn't support creating highlighters by types or BoxModelHighlighter is unknown
JavaScript error: resource://devtools/client/fronts/inspector.js, line 148: Error: The target doesn't support creating highlighters by types or BoxModelHighlighter is unknown
JavaScript error: resource://devtools/client/fronts/inspector.js, line 148: Error: The target doesn't support creating highlighters by types or BoxModelHighlighter is unknown
JavaScript error: resource://devtools/client/fronts/inspector.js, line 148: Error: The target doesn't support creating highlighters by types or BoxModelHighlighter is unknown
JavaScript error: resource://devtools/client/fronts/inspector.js, line 148: Error: The target doesn't support creating highlighters by types or BoxModelHighlighter is unknown
JavaScript error: resource://devtools/client/fronts/inspector.js, line 148: Error: The target doesn't support creating highlighters by types or BoxModelHighlighter is unknown
JavaScript error: resource://devtools/client/fronts/inspector.js, line 148: Error: The target doesn't support creating highlighters by types or BoxModelHighlighter is unknown
JavaScript error: resource://devtools/client/fronts/inspector.js, line 148: Error: The target doesn't support creating highlighters by types or BoxModelHighlighter is unknown
JavaScript error: resource://devtools/client/fronts/inspector.js, line 148: Error: The target doesn't support creating highlighters by types or BoxModelHighlighter is unknown
JavaScript error: resource://devtools/client/fronts/inspector.js, line 148: Error: The target doesn't support creating highlighters by types or BoxModelHighlighter is unknown
JavaScript error: resource://devtools/client/fronts/inspector.js, line 148: Error: The target doesn't support creating highlighters by types or BoxModelHighlighter is unknown
JavaScript error: resource://devtools/client/fronts/inspector.js, line 148: Error: The target doesn't support creating highlighters by types or BoxModelHighlighter is unknown
JavaScript error: resource://devtools/client/fronts/inspector.js, line 148: Error: The target doesn't support creating highlighters by types or BoxModelHighlighter is unknown
1695752468298	geckodriver	INFO	Listening on 127.0.0.1:35207
1695752468307	mozrunner::runner	INFO	Running command: MOZ_CRASHREPORTER="1" MOZ_CRASHREPORTER_NO_REPORT="1" MOZ_CRASHREPORTER_SHUTDOWN="1" MOZ_NO_REMOTE="1" "/usr ... te" "--remote-debugging-port" "43137" "--remote-allow-hosts" "localhost" "-no-remote" "-profile" "/tmp/rust_mozprofileymrYNU"
console.warn: services.settings: Ignoring preference override of remote settings server
console.warn: services.settings: Allow by setting MOZ_REMOTE_SETTINGS_DEVTOOLS=1 in the environment
[GFX1-]: vaapitest: ERROR
[GFX1-]: vaapitest: VA-API test failed: libva-drm.so.2 is missing.

ATTENTION: default value of option mesa_glthread overridden by environment.
ATTENTION: default value of option mesa_glthread overridden by environment.
ATTENTION: default value of option mesa_glthread overridden by environment.
1695752469685	Marionette	INFO	Marionette enabled
1695752469800	Marionette	INFO	Listening on port 45841
Read port: 45841
WebDriver BiDi listening on ws://127.0.0.1:43137
1695752469900	RemoteAgent	WARN	TLS certificate errors will be ignored for this session
console.error: ({})
DevTools listening on ws://127.0.0.1:43137/devtools/browser/32dc2a34-8b8e-4619-aec7-f93c94a56773
JavaScript error: resource://gre/modules/LoginManagerChild.sys.mjs, line 121: NS_NOINTERFACE: Component returned failure code: 0x80004002 (NS_NOINTERFACE) [nsIWebProgress.DOMWindow]
JavaScript error: resource://gre/modules/LoginManagerChild.sys.mjs, line 121: NS_NOINTERFACE: Component returned failure code: 0x80004002 (NS_NOINTERFACE) [nsIWebProgress.DOMWindow]
console.warn: LoginRecipes: "Falling back to a synchronous message for: https://www.turnitin.com."
console.warn: LoginRecipes: "Falling back to a synchronous message for: https://www.turnitin.com."
console.error: "update.locale" " file doesn't exist in either the application or GRE directories"
JavaScript error: https://cdn.cookielaw.org/scripttemplates/6.24.0/otBannerSdk.js, line 7: TypeError: r is undefined
JavaScript error: , line 0: TypeError: NetworkError when attempting to fetch resource.
1695752513553	Marionette	INFO	Stopped listening on port 45841
JavaScript warning: https://ev.turnitin.com/app/carta/en_us/?s=1&u=10642564&o=2174947469&lang=en_us, line 22: Script terminated by timeout at:
nrWrapper@https://ev.turnitin.com/app/carta/en_us/?s=1&u=10642564&o=2174947469&lang=en_us:22:16405

console.error: services.settings: 
  Message: NetworkError: Network error: TypeError: NetworkError: Network request failed
  Stack:
    APIError@resource://services-settings/RemoteSettingsClient.sys.mjs:111:1
NetworkError@resource://services-settings/RemoteSettingsClient.sys.mjs:115:5
_adjustedError@resource://services-settings/RemoteSettingsClient.sys.mjs:911:14
maybeSync@resource://services-settings/RemoteSettingsClient.sys.mjs:816:38

console.warn: services.settings: main/search-config sync interrupted by shutdown
console.warn: services.settings: main/normandy-recipes-capabilities sync interrupted by shutdown
console.warn: services.settings: main/language-dictionaries sync interrupted by shutdown
console.warn: services.settings: main/password-recipes sync interrupted by shutdown
console.warn: services.settings: main/password-rules sync interrupted by shutdown
console.warn: services.settings: main/translations-identification-models sync interrupted by shutdown
console.warn: services.settings: main/translations-wasm sync interrupted by shutdown
console.warn: services.settings: main/translations-models sync interrupted by shutdown
console.warn: services.settings: main/url-classifier-skip-urls sync interrupted by shutdown
console.warn: services.settings: main/addons-manager-settings sync interrupted by shutdown
console.error: (new AbortError("IndexedDB: main/partitioning-exempt-urls getLastModified() IndexedDB:  execute() A request was aborted, for example through a call to IDBTransaction.abort.", "resource://services-settings/IDBHelpers.sys.mjs", 16))
1695752550356	geckodriver	INFO	Listening on 127.0.0.1:48645
1695752550365	mozrunner::runner	INFO	Running command: MOZ_CRASHREPORTER="1" MOZ_CRASHREPORTER_NO_REPORT="1" MOZ_CRASHREPORTER_SHUTDOWN="1" MOZ_NO_REMOTE="1" "/usr ... te" "--remote-debugging-port" "60775" "--remote-allow-hosts" "localhost" "-no-remote" "-profile" "/tmp/rust_mozprofilej6L590"
console.warn: services.settings: Ignoring preference override of remote settings server
console.warn: services.settings: Allow by setting MOZ_REMOTE_SETTINGS_DEVTOOLS=1 in the environment
[GFX1-]: vaapitest: ERROR
[GFX1-]: vaapitest: VA-API test failed: libva-drm.so.2 is missing.

ATTENTION: default value of option mesa_glthread overridden by environment.
ATTENTION: default value of option mesa_glthread overridden by environment.
ATTENTION: default value of option mesa_glthread overridden by environment.
1695752551671	Marionette	INFO	Marionette enabled
1695752551793	Marionette	INFO	Listening on port 33851
WebDriver BiDi listening on ws://127.0.0.1:60775
Read port: 33851
1695752552147	RemoteAgent	WARN	TLS certificate errors will be ignored for this session
console.error: ({})
DevTools listening on ws://127.0.0.1:60775/devtools/browser/2304299f-4140-4258-8a45-ca0b924c9358
JavaScript error: resource://gre/modules/LoginManagerChild.sys.mjs, line 121: NS_NOINTERFACE: Component returned failure code: 0x80004002 (NS_NOINTERFACE) [nsIWebProgress.DOMWindow]
JavaScript error: resource://gre/modules/LoginManagerChild.sys.mjs, line 121: NS_NOINTERFACE: Component returned failure code: 0x80004002 (NS_NOINTERFACE) [nsIWebProgress.DOMWindow]
console.warn: LoginRecipes: "Falling back to a synchronous message for: https://www.turnitin.com."
console.warn: LoginRecipes: "Falling back to a synchronous message for: https://www.turnitin.com."
1695752569918	Marionette	INFO	Stopped listening on port 33851
1695752992334	geckodriver	INFO	Listening on 127.0.0.1:45527
1695752992343	mozrunner::runner	INFO	Running command: MOZ_CRASHREPORTER="1" MOZ_CRASHREPORTER_NO_REPORT="1" MOZ_CRASHREPORTER_SHUTDOWN="1" MOZ_NO_REMOTE="1" "/usr ... te" "--remote-debugging-port" "59159" "--remote-allow-hosts" "localhost" "-no-remote" "-profile" "/tmp/rust_mozprofileNBGNY1"
console.warn: services.settings: Ignoring preference override of remote settings server
console.warn: services.settings: Allow by setting MOZ_REMOTE_SETTINGS_DEVTOOLS=1 in the environment
[GFX1-]: vaapitest: ERROR
[GFX1-]: vaapitest: VA-API test failed: libva-drm.so.2 is missing.

ATTENTION: default value of option mesa_glthread overridden by environment.
ATTENTION: default value of option mesa_glthread overridden by environment.
ATTENTION: default value of option mesa_glthread overridden by environment.
1695752993666	Marionette	INFO	Marionette enabled
1695752993791	Marionette	INFO	Listening on port 44339
WebDriver BiDi listening on ws://127.0.0.1:59159
Read port: 44339
1695752994151	RemoteAgent	WARN	TLS certificate errors will be ignored for this session
console.error: ({})
DevTools listening on ws://127.0.0.1:59159/devtools/browser/1e2d0191-ceef-4ca3-89b8-e36efbdd073f
JavaScript error: resource://gre/modules/LoginManagerChild.sys.mjs, line 121: NS_NOINTERFACE: Component returned failure code: 0x80004002 (NS_NOINTERFACE) [nsIWebProgress.DOMWindow]
JavaScript error: resource://gre/modules/LoginManagerChild.sys.mjs, line 121: NS_NOINTERFACE: Component returned failure code: 0x80004002 (NS_NOINTERFACE) [nsIWebProgress.DOMWindow]
console.warn: LoginRecipes: "Falling back to a synchronous message for: https://www.turnitin.com."
console.warn: LoginRecipes: "Falling back to a synchronous message for: https://www.turnitin.com."
1695753003743	Marionette	WARN	Ignoring event 'DOMContentLoaded' because document has an invalid readyState of 'complete'.
1695753023656	Marionette	INFO	Stopped listening on port 44339
console.error: "update.locale" " file doesn't exist in either the application or GRE directories"
1695753024881	addons.xpi	ERROR	System addon update list error Error: Failed downloading XML, status: 0, channelStatus: 2147500036, errorCode: 2, reason: error
console.error: (new Error("Polling for changes failed: NetworkError: Network request failed.", "resource://services-settings/remote-settings.sys.mjs", 324))
1695753064366	geckodriver	INFO	Listening on 127.0.0.1:50095
1695753064375	mozrunner::runner	INFO	Running command: MOZ_CRASHREPORTER="1" MOZ_CRASHREPORTER_NO_REPORT="1" MOZ_CRASHREPORTER_SHUTDOWN="1" MOZ_NO_REMOTE="1" "/usr ... te" "--remote-debugging-port" "50759" "--remote-allow-hosts" "localhost" "-no-remote" "-profile" "/tmp/rust_mozprofilewrD65s"
console.warn: services.settings: Ignoring preference override of remote settings server
console.warn: services.settings: Allow by setting MOZ_REMOTE_SETTINGS_DEVTOOLS=1 in the environment
[GFX1-]: vaapitest: ERROR
[GFX1-]: vaapitest: VA-API test failed: libva-drm.so.2 is missing.

ATTENTION: default value of option mesa_glthread overridden by environment.
ATTENTION: default value of option mesa_glthread overridden by environment.
ATTENTION: default value of option mesa_glthread overridden by environment.
1695753065717	Marionette	INFO	Marionette enabled
1695753065835	Marionette	INFO	Listening on port 36803
WebDriver BiDi listening on ws://127.0.0.1:50759
Read port: 36803
1695753066122	RemoteAgent	WARN	TLS certificate errors will be ignored for this session
console.error: ({})
DevTools listening on ws://127.0.0.1:50759/devtools/browser/d20ce450-f015-496d-ba04-5d47e765049c
JavaScript error: resource://gre/modules/LoginManagerChild.sys.mjs, line 121: NS_NOINTERFACE: Component returned failure code: 0x80004002 (NS_NOINTERFACE) [nsIWebProgress.DOMWindow]
JavaScript error: resource://gre/modules/LoginManagerChild.sys.mjs, line 121: NS_NOINTERFACE: Component returned failure code: 0x80004002 (NS_NOINTERFACE) [nsIWebProgress.DOMWindow]
console.warn: LoginRecipes: "Falling back to a synchronous message for: https://www.turnitin.com."
console.warn: LoginRecipes: "Falling back to a synchronous message for: https://www.turnitin.com."
1695753076391	Marionette	WARN	Ignoring event 'DOMContentLoaded' because document has an invalid readyState of 'complete'.
1695753094293	Marionette	INFO	Stopped listening on port 36803
1695753137050	geckodriver	INFO	Listening on 127.0.0.1:43079
1695753137059	mozrunner::runner	INFO	Running command: MOZ_CRASHREPORTER="1" MOZ_CRASHREPORTER_NO_REPORT="1" MOZ_CRASHREPORTER_SHUTDOWN="1" MOZ_NO_REMOTE="1" "/usr ... te" "--remote-debugging-port" "48935" "--remote-allow-hosts" "localhost" "-no-remote" "-profile" "/tmp/rust_mozprofilezs5yas"
console.warn: services.settings: Ignoring preference override of remote settings server
console.warn: services.settings: Allow by setting MOZ_REMOTE_SETTINGS_DEVTOOLS=1 in the environment
[GFX1-]: vaapitest: ERROR
[GFX1-]: vaapitest: VA-API test failed: libva-drm.so.2 is missing.

ATTENTION: default value of option mesa_glthread overridden by environment.
ATTENTION: default value of option mesa_glthread overridden by environment.
ATTENTION: default value of option mesa_glthread overridden by environment.
1695753138379	Marionette	INFO	Marionette enabled
1695753138500	Marionette	INFO	Listening on port 39197
WebDriver BiDi listening on ws://127.0.0.1:48935
Read port: 39197
1695753138837	RemoteAgent	WARN	TLS certificate errors will be ignored for this session
console.error: ({})
DevTools listening on ws://127.0.0.1:48935/devtools/browser/c37f435d-9680-426b-8676-ca225fbdb575
JavaScript error: resource://gre/modules/LoginManagerChild.sys.mjs, line 121: NS_NOINTERFACE: Component returned failure code: 0x80004002 (NS_NOINTERFACE) [nsIWebProgress.DOMWindow]
JavaScript error: resource://gre/modules/LoginManagerChild.sys.mjs, line 121: NS_NOINTERFACE: Component returned failure code: 0x80004002 (NS_NOINTERFACE) [nsIWebProgress.DOMWindow]
console.warn: LoginRecipes: "Falling back to a synchronous message for: https://www.turnitin.com."
console.warn: LoginRecipes: "Falling back to a synchronous message for: https://www.turnitin.com."
1695753148278	Marionette	WARN	Ignoring event 'DOMContentLoaded' because document has an invalid readyState of 'complete'.
JavaScript error: , line 0: TypeError: NetworkError when attempting to fetch resource.
1695753164382	Marionette	INFO	Stopped listening on port 39197
JavaScript warning: https://ev.turnitin.com/app/carta/en_us/?s=1&u=10642564&o=2174947469&lang=en_us, line 22: Script terminated by timeout at:
nrWrapper@https://ev.turnitin.com/app/carta/en_us/?s=1&u=10642564&o=2174947469&lang=en_us:22:16405

JavaScript error: resource://gre/modules/UrlClassifierListManager.sys.mjs, line 720: TypeError: this.tablesData[table] is undefined
1695753357280	geckodriver	INFO	Listening on 127.0.0.1:55721
1695753357291	mozrunner::runner	INFO	Running command: MOZ_CRASHREPORTER="1" MOZ_CRASHREPORTER_NO_REPORT="1" MOZ_CRASHREPORTER_SHUTDOWN="1" MOZ_NO_REMOTE="1" "/usr ... te" "--remote-debugging-port" "34681" "--remote-allow-hosts" "localhost" "-no-remote" "-profile" "/tmp/rust_mozprofilelMObTT"
console.warn: services.settings: Ignoring preference override of remote settings server
console.warn: services.settings: Allow by setting MOZ_REMOTE_SETTINGS_DEVTOOLS=1 in the environment
[GFX1-]: vaapitest: ERROR
[GFX1-]: vaapitest: VA-API test failed: libva-drm.so.2 is missing.

ATTENTION: default value of option mesa_glthread overridden by environment.
ATTENTION: default value of option mesa_glthread overridden by environment.
ATTENTION: default value of option mesa_glthread overridden by environment.
1695753358817	Marionette	INFO	Marionette enabled
1695753358989	Marionette	INFO	Listening on port 45697
Read port: 45697
WebDriver BiDi listening on ws://127.0.0.1:34681
1695753359125	RemoteAgent	WARN	TLS certificate errors will be ignored for this session
console.error: ({})
DevTools listening on ws://127.0.0.1:34681/devtools/browser/b423d1d0-8d46-4347-85f1-45af637a1a47
JavaScript error: resource://gre/modules/LoginManagerChild.sys.mjs, line 121: NS_NOINTERFACE: Component returned failure code: 0x80004002 (NS_NOINTERFACE) [nsIWebProgress.DOMWindow]
JavaScript error: resource://gre/modules/LoginManagerChild.sys.mjs, line 121: NS_NOINTERFACE: Component returned failure code: 0x80004002 (NS_NOINTERFACE) [nsIWebProgress.DOMWindow]
console.warn: LoginRecipes: "Falling back to a synchronous message for: https://www.turnitin.com."
console.warn: LoginRecipes: "Falling back to a synchronous message for: https://www.turnitin.com."
1695753372611	Marionette	WARN	Ignoring event 'DOMContentLoaded' because document has an invalid readyState of 'complete'.
console.error: "update.locale" " file doesn't exist in either the application or GRE directories"
JavaScript error: , line 0: TypeError: NetworkError when attempting to fetch resource.
JavaScript warning: https://ev.turnitin.com/app/carta/en_us/?s=1&u=10642564&o=2174947469&lang=en_us, line 22: Script terminated by timeout at:
nrWrapper@https://ev.turnitin.com/app/carta/en_us/?s=1&u=10642564&o=2174947469&lang=en_us:22:16405

1695753972096	geckodriver	INFO	Listening on 127.0.0.1:55453
1695753972107	mozrunner::runner	INFO	Running command: MOZ_CRASHREPORTER="1" MOZ_CRASHREPORTER_NO_REPORT="1" MOZ_CRASHREPORTER_SHUTDOWN="1" MOZ_NO_REMOTE="1" "/usr ... te" "--remote-debugging-port" "56127" "--remote-allow-hosts" "localhost" "-no-remote" "-profile" "/tmp/rust_mozprofile1GfDkY"
console.warn: services.settings: Ignoring preference override of remote settings server
console.warn: services.settings: Allow by setting MOZ_REMOTE_SETTINGS_DEVTOOLS=1 in the environment
[GFX1-]: vaapitest: ERROR
[GFX1-]: vaapitest: VA-API test failed: libva-drm.so.2 is missing.

ATTENTION: default value of option mesa_glthread overridden by environment.
ATTENTION: default value of option mesa_glthread overridden by environment.
ATTENTION: default value of option mesa_glthread overridden by environment.
1695753973407	Marionette	INFO	Marionette enabled
1695753973523	Marionette	INFO	Listening on port 38791
WebDriver BiDi listening on ws://127.0.0.1:56127
Read port: 38791
1695753973850	RemoteAgent	WARN	TLS certificate errors will be ignored for this session
console.error: ({})
DevTools listening on ws://127.0.0.1:56127/devtools/browser/d79488fa-453e-4108-a8cc-3fd3a39c93b4
JavaScript error: resource://gre/modules/LoginManagerChild.sys.mjs, line 121: NS_NOINTERFACE: Component returned failure code: 0x80004002 (NS_NOINTERFACE) [nsIWebProgress.DOMWindow]
JavaScript error: resource://gre/modules/LoginManagerChild.sys.mjs, line 121: NS_NOINTERFACE: Component returned failure code: 0x80004002 (NS_NOINTERFACE) [nsIWebProgress.DOMWindow]
1695753985819	Marionette	INFO	Stopped listening on port 45697
console.warn: LoginRecipes: "Falling back to a synchronous message for: https://www.turnitin.com."
console.warn: LoginRecipes: "Falling back to a synchronous message for: https://www.turnitin.com."
1695753990751	Marionette	WARN	Ignoring event 'DOMContentLoaded' because document has an invalid readyState of 'complete'.
console.error: "update.locale" " file doesn't exist in either the application or GRE directories"
JavaScript warning: https://www.turnitin.com/t_home.asp?login=1&svr=6&lang=en_us&r=73.1424157141831, line 22: Script terminated by timeout at:
nrWrapper@https://www.turnitin.com/t_home.asp?login=1&svr=6&lang=en_us&r=73.1424157141831:22:16840

JavaScript error: , line 0: NotFoundError: No such JSWindowActor 'DevToolsFrame'
JavaScript error: , line 0: NotFoundError: No such JSWindowActor 'DevToolsFrame'
1695754586768	geckodriver	INFO	Listening on 127.0.0.1:42377
1695754586784	mozrunner::runner	INFO	Running command: MOZ_CRASHREPORTER="1" MOZ_CRASHREPORTER_NO_REPORT="1" MOZ_CRASHREPORTER_SHUTDOWN="1" MOZ_NO_REMOTE="1" "/usr ... te" "--remote-debugging-port" "45151" "--remote-allow-hosts" "localhost" "-no-remote" "-profile" "/tmp/rust_mozprofileRllPMQ"
console.warn: services.settings: Ignoring preference override of remote settings server
console.warn: services.settings: Allow by setting MOZ_REMOTE_SETTINGS_DEVTOOLS=1 in the environment
[GFX1-]: vaapitest: ERROR
[GFX1-]: vaapitest: VA-API test failed: libva-drm.so.2 is missing.

ATTENTION: default value of option mesa_glthread overridden by environment.
ATTENTION: default value of option mesa_glthread overridden by environment.
ATTENTION: default value of option mesa_glthread overridden by environment.
1695754588240	Marionette	INFO	Marionette enabled
1695754588405	Marionette	INFO	Listening on port 33479
WebDriver BiDi listening on ws://127.0.0.1:45151
Read port: 33479
1695754588768	RemoteAgent	WARN	TLS certificate errors will be ignored for this session
console.error: ({})
DevTools listening on ws://127.0.0.1:45151/devtools/browser/75d610ec-83fc-4c63-b492-6d345d553bde
JavaScript error: resource://gre/modules/LoginManagerChild.sys.mjs, line 121: NS_NOINTERFACE: Component returned failure code: 0x80004002 (NS_NOINTERFACE) [nsIWebProgress.DOMWindow]
JavaScript error: resource://gre/modules/LoginManagerChild.sys.mjs, line 121: NS_NOINTERFACE: Component returned failure code: 0x80004002 (NS_NOINTERFACE) [nsIWebProgress.DOMWindow]
console.warn: LoginRecipes: "Falling back to a synchronous message for: https://www.turnitin.com."
console.warn: LoginRecipes: "Falling back to a synchronous message for: https://www.turnitin.com."
1695754601235	Marionette	WARN	Ignoring event 'DOMContentLoaded' because document has an invalid readyState of 'complete'.
console.error: "update.locale" " file doesn't exist in either the application or GRE directories"
JavaScript warning: https://www.turnitin.com/user_info.asp?r=61.4289445632547&svr=6&lang=en_us&, line 23: Script terminated by timeout at:
n@https://www.turnitin.com/user_info.asp?r=61.4289445632547&svr=6&lang=en_us&:23:17903
n@https://www.turnitin.com/user_info.asp?r=61.4289445632547&svr=6&lang=en_us&:23:17857
u@https://www.turnitin.com/user_info.asp?r=61.4289445632547&svr=6&lang=en_us&:23:17303
nrWrapper@https://www.turnitin.com/user_info.asp?r=61.4289445632547&svr=6&lang=en_us&:23:16947

1695755437899	Marionette	INFO	Stopped listening on port 33479
1695755437956	Marionette	INFO	Stopped listening on port 38791
1695765099502	geckodriver	INFO	Listening on 127.0.0.1:48341
1695765100022	mozrunner::runner	INFO	Running command: MOZ_CRASHREPORTER="1" MOZ_CRASHREPORTER_NO_REPORT="1" MOZ_CRASHREPORTER_SHUTDOWN="1" MOZ_NO_REMOTE="1" "/usr ... te" "--remote-debugging-port" "47445" "--remote-allow-hosts" "localhost" "-no-remote" "-profile" "/tmp/rust_mozprofileU3a7Wb"
console.warn: services.settings: Ignoring preference override of remote settings server
console.warn: services.settings: Allow by setting MOZ_REMOTE_SETTINGS_DEVTOOLS=1 in the environment
[GFX1-]: vaapitest: ERROR
[GFX1-]: vaapitest: VA-API test failed: libva-drm.so.2 is missing.

ATTENTION: default value of option mesa_glthread overridden by environment.
ATTENTION: default value of option mesa_glthread overridden by environment.
ATTENTION: default value of option mesa_glthread overridden by environment.
1695765101475	Marionette	INFO	Marionette enabled
1695765101628	Marionette	INFO	Listening on port 45643
WebDriver BiDi listening on ws://127.0.0.1:47445
Read port: 45643
1695765102012	RemoteAgent	WARN	TLS certificate errors will be ignored for this session
console.error: ({})
DevTools listening on ws://127.0.0.1:47445/devtools/browser/993ef524-f009-43e0-8494-c2cedf24b3f4
JavaScript error: resource://gre/modules/LoginManagerChild.sys.mjs, line 121: NS_NOINTERFACE: Component returned failure code: 0x80004002 (NS_NOINTERFACE) [nsIWebProgress.DOMWindow]
JavaScript error: resource://gre/modules/LoginManagerChild.sys.mjs, line 121: NS_NOINTERFACE: Component returned failure code: 0x80004002 (NS_NOINTERFACE) [nsIWebProgress.DOMWindow]
console.warn: LoginRecipes: "Falling back to a synchronous message for: https://www.turnitin.com."
console.warn: LoginRecipes: "Falling back to a synchronous message for: https://www.turnitin.com."
1695765111259	Marionette	WARN	Ignoring event 'DOMContentLoaded' because document has an invalid readyState of 'complete'.
console.error: "update.locale" " file doesn't exist in either the application or GRE directories"
1695765611359	geckodriver	INFO	Listening on 127.0.0.1:43211
1695765611370	mozrunner::runner	INFO	Running command: MOZ_CRASHREPORTER="1" MOZ_CRASHREPORTER_NO_REPORT="1" MOZ_CRASHREPORTER_SHUTDOWN="1" MOZ_NO_REMOTE="1" "/usr ... te" "--remote-debugging-port" "44435" "--remote-allow-hosts" "localhost" "-no-remote" "-profile" "/tmp/rust_mozprofileVzctig"
console.warn: services.settings: Ignoring preference override of remote settings server
console.warn: services.settings: Allow by setting MOZ_REMOTE_SETTINGS_DEVTOOLS=1 in the environment
[GFX1-]: vaapitest: ERROR
[GFX1-]: vaapitest: VA-API test failed: libva-drm.so.2 is missing.

ATTENTION: default value of option mesa_glthread overridden by environment.
ATTENTION: default value of option mesa_glthread overridden by environment.
ATTENTION: default value of option mesa_glthread overridden by environment.
1695765612709	Marionette	INFO	Marionette enabled
1695765612832	Marionette	INFO	Listening on port 35837
WebDriver BiDi listening on ws://127.0.0.1:44435
Read port: 35837
1695765613145	RemoteAgent	WARN	TLS certificate errors will be ignored for this session
console.error: ({})
DevTools listening on ws://127.0.0.1:44435/devtools/browser/117ae398-4993-42b9-9359-7f754b8cd1e4
JavaScript error: resource://gre/modules/LoginManagerChild.sys.mjs, line 121: NS_NOINTERFACE: Component returned failure code: 0x80004002 (NS_NOINTERFACE) [nsIWebProgress.DOMWindow]
JavaScript error: resource://gre/modules/LoginManagerChild.sys.mjs, line 121: NS_NOINTERFACE: Component returned failure code: 0x80004002 (NS_NOINTERFACE) [nsIWebProgress.DOMWindow]
JavaScript warning: https://www.googletagmanager.com/gtag/js?id=G-EJF27WH1D9&l=dataLayer&cx=c, line 153: Script terminated by timeout at:
Qa@https://www.googletagmanager.com/gtag/js?id=G-EJF27WH1D9&l=dataLayer&cx=c:153:437
cp@https://www.googletagmanager.com/gtag/js?id=G-EJF27WH1D9&l=dataLayer&cx=c:373:423
Xv@https://www.googletagmanager.com/gtag/js?id=G-EJF27WH1D9&l=dataLayer&cx=c:414:411
tF/<@https://www.googletagmanager.com/gtag/js?id=G-EJF27WH1D9&l=dataLayer&cx=c:552:153
aa.Bk/<@https://www.googletagmanager.com/gtag/js?id=G-EJF27WH1D9&l=dataLayer&cx=c:505:126
aa.Bk/c/<@https://www.googletagmanager.com/gtag/js?id=G-EJF27WH1D9&l=dataLayer&cx=c:504:420
nrWrapper@https://www.turnitin.com/t_home.asp?login=1&svr=6&lang=en_us&r=73.1424157141831:22:16984

JavaScript warning: https://www.googletagmanager.com/gtag/js?id=G-EJF27WH1D9&l=dataLayer&cx=c, line 373: Script terminated by timeout at:
cp@https://www.googletagmanager.com/gtag/js?id=G-EJF27WH1D9&l=dataLayer&cx=c:373:769
Xv@https://www.googletagmanager.com/gtag/js?id=G-EJF27WH1D9&l=dataLayer&cx=c:414:411
tF/<@https://www.googletagmanager.com/gtag/js?id=G-EJF27WH1D9&l=dataLayer&cx=c:552:153
aa.Bk/<@https://www.googletagmanager.com/gtag/js?id=G-EJF27WH1D9&l=dataLayer&cx=c:505:126
aa.Bk/c/<@https://www.googletagmanager.com/gtag/js?id=G-EJF27WH1D9&l=dataLayer&cx=c:504:420
nrWrapper@https://www.turnitin.com/user_info.asp?r=71.6249890346287&svr=6&lang=en_us&:23:16984

console.warn: LoginRecipes: "Falling back to a synchronous message for: https://www.turnitin.com."
console.warn: LoginRecipes: "Falling back to a synchronous message for: https://www.turnitin.com."
1695765619812	Marionette	INFO	Stopped listening on port 45643
1695765624356	Marionette	WARN	Ignoring event 'DOMContentLoaded' because document has an invalid readyState of 'complete'.
console.error: "update.locale" " file doesn't exist in either the application or GRE directories"
1695765931911	geckodriver	INFO	Listening on 127.0.0.1:59869
1695765931921	mozrunner::runner	INFO	Running command: MOZ_CRASHREPORTER="1" MOZ_CRASHREPORTER_NO_REPORT="1" MOZ_CRASHREPORTER_SHUTDOWN="1" MOZ_NO_REMOTE="1" "/usr ... te" "--remote-debugging-port" "41169" "--remote-allow-hosts" "localhost" "-no-remote" "-profile" "/tmp/rust_mozprofile9cvnA7"
console.warn: services.settings: Ignoring preference override of remote settings server
console.warn: services.settings: Allow by setting MOZ_REMOTE_SETTINGS_DEVTOOLS=1 in the environment
[GFX1-]: vaapitest: ERROR
[GFX1-]: vaapitest: VA-API test failed: libva-drm.so.2 is missing.

ATTENTION: default value of option mesa_glthread overridden by environment.
ATTENTION: default value of option mesa_glthread overridden by environment.
ATTENTION: default value of option mesa_glthread overridden by environment.
1695765933253	Marionette	INFO	Marionette enabled
1695765933379	Marionette	INFO	Listening on port 39971
WebDriver BiDi listening on ws://127.0.0.1:41169
Read port: 39971
1695765933641	RemoteAgent	WARN	TLS certificate errors will be ignored for this session
console.error: ({})
DevTools listening on ws://127.0.0.1:41169/devtools/browser/f38c762d-80dc-4aac-83de-15abe4a45d57
JavaScript warning: https://www.turnitin.com/user_info.asp?r=70.7636966247733&svr=6&lang=en_us&, line 23: Script terminated by timeout at:
nrWrapper@https://www.turnitin.com/user_info.asp?r=70.7636966247733&svr=6&lang=en_us&:23:16840

1695765938776	Marionette	INFO	Stopped listening on port 35837
JavaScript error: resource://gre/modules/LoginManagerChild.sys.mjs, line 121: NS_NOINTERFACE: Component returned failure code: 0x80004002 (NS_NOINTERFACE) [nsIWebProgress.DOMWindow]
JavaScript error: resource://gre/modules/LoginManagerChild.sys.mjs, line 121: NS_NOINTERFACE: Component returned failure code: 0x80004002 (NS_NOINTERFACE) [nsIWebProgress.DOMWindow]
console.warn: LoginRecipes: "Falling back to a synchronous message for: https://www.turnitin.com."
console.warn: LoginRecipes: "Falling back to a synchronous message for: https://www.turnitin.com."
1695765942738	Marionette	WARN	Ignoring event 'DOMContentLoaded' because document has an invalid readyState of 'complete'.
console.error: "update.locale" " file doesn't exist in either the application or GRE directories"
1695766340690	geckodriver	INFO	Listening on 127.0.0.1:38347
1695766340700	mozrunner::runner	INFO	Running command: MOZ_CRASHREPORTER="1" MOZ_CRASHREPORTER_NO_REPORT="1" MOZ_CRASHREPORTER_SHUTDOWN="1" MOZ_NO_REMOTE="1" "/usr ... te" "--remote-debugging-port" "33489" "--remote-allow-hosts" "localhost" "-no-remote" "-profile" "/tmp/rust_mozprofileC4p5uK"
console.warn: services.settings: Ignoring preference override of remote settings server
console.warn: services.settings: Allow by setting MOZ_REMOTE_SETTINGS_DEVTOOLS=1 in the environment
[GFX1-]: vaapitest: ERROR
[GFX1-]: vaapitest: VA-API test failed: libva-drm.so.2 is missing.

ATTENTION: default value of option mesa_glthread overridden by environment.
ATTENTION: default value of option mesa_glthread overridden by environment.
ATTENTION: default value of option mesa_glthread overridden by environment.
1695766341985	Marionette	INFO	Marionette enabled
1695766342101	Marionette	INFO	Listening on port 39627
WebDriver BiDi listening on ws://127.0.0.1:33489
Read port: 39627
1695766342470	RemoteAgent	WARN	TLS certificate errors will be ignored for this session
console.error: ({})
DevTools listening on ws://127.0.0.1:33489/devtools/browser/f1fd9bdd-e03d-476a-bd5c-98a88e6823ea
JavaScript error: resource://gre/modules/LoginManagerChild.sys.mjs, line 121: NS_NOINTERFACE: Component returned failure code: 0x80004002 (NS_NOINTERFACE) [nsIWebProgress.DOMWindow]
JavaScript error: resource://gre/modules/LoginManagerChild.sys.mjs, line 121: NS_NOINTERFACE: Component returned failure code: 0x80004002 (NS_NOINTERFACE) [nsIWebProgress.DOMWindow]
console.warn: LoginRecipes: "Falling back to a synchronous message for: https://www.turnitin.com."
console.warn: LoginRecipes: "Falling back to a synchronous message for: https://www.turnitin.com."
1695766351258	Marionette	WARN	Ignoring event 'DOMContentLoaded' because document has an invalid readyState of 'complete'.
console.error: "update.locale" " file doesn't exist in either the application or GRE directories"
1695766412983	geckodriver	INFO	Listening on 127.0.0.1:55547
1695766413503	mozrunner::runner	INFO	Running command: MOZ_CRASHREPORTER="1" MOZ_CRASHREPORTER_NO_REPORT="1" MOZ_CRASHREPORTER_SHUTDOWN="1" MOZ_NO_REMOTE="1" "/usr ... te" "--remote-debugging-port" "35869" "--remote-allow-hosts" "localhost" "-no-remote" "-profile" "/tmp/rust_mozprofileCrhUFe"
console.warn: services.settings: Ignoring preference override of remote settings server
console.warn: services.settings: Allow by setting MOZ_REMOTE_SETTINGS_DEVTOOLS=1 in the environment
[GFX1-]: vaapitest: ERROR
[GFX1-]: vaapitest: VA-API test failed: libva-drm.so.2 is missing.

ATTENTION: default value of option mesa_glthread overridden by environment.
ATTENTION: default value of option mesa_glthread overridden by environment.
ATTENTION: default value of option mesa_glthread overridden by environment.
1695766414894	Marionette	INFO	Marionette enabled
1695766415014	Marionette	INFO	Listening on port 35319
WebDriver BiDi listening on ws://127.0.0.1:35869
Read port: 35319
1695766415375	RemoteAgent	WARN	TLS certificate errors will be ignored for this session
console.error: ({})
DevTools listening on ws://127.0.0.1:35869/devtools/browser/ce589d4c-aa1d-4071-afe5-a8ffe3c53b07
JavaScript error: resource://gre/modules/LoginManagerChild.sys.mjs, line 121: NS_NOINTERFACE: Component returned failure code: 0x80004002 (NS_NOINTERFACE) [nsIWebProgress.DOMWindow]
JavaScript error: resource://gre/modules/LoginManagerChild.sys.mjs, line 121: NS_NOINTERFACE: Component returned failure code: 0x80004002 (NS_NOINTERFACE) [nsIWebProgress.DOMWindow]
console.warn: LoginRecipes: "Falling back to a synchronous message for: https://www.turnitin.com."
console.warn: LoginRecipes: "Falling back to a synchronous message for: https://www.turnitin.com."
1695766424153	Marionette	WARN	Ignoring event 'DOMContentLoaded' because document has an invalid readyState of 'complete'.
console.error: "update.locale" " file doesn't exist in either the application or GRE directories"
JavaScript warning: https://www.turnitin.com/t_home.asp?login=1&svr=6&lang=en_us&r=73.1424157141831, line 22: Script terminated by timeout at:
nrWrapper@https://www.turnitin.com/t_home.asp?login=1&svr=6&lang=en_us&r=73.1424157141831:22:16840

JavaScript warning: https://www.turnitin.com/t_home.asp?login=1&svr=6&lang=en_us&r=73.1424157141831, line 22: Script terminated by timeout at:
nrWrapper@https://www.turnitin.com/t_home.asp?login=1&svr=6&lang=en_us&r=73.1424157141831:22:16840

JavaScript warning: https://www.googletagmanager.com/gtag/js?id=G-EJF27WH1D9&l=dataLayer&cx=c, line 151: Script terminated by timeout at:
ya.prototype.get@https://www.googletagmanager.com/gtag/js?id=G-EJF27WH1D9&l=dataLayer&cx=c:151:877
ya.prototype.get@https://www.googletagmanager.com/gtag/js?id=G-EJF27WH1D9&l=dataLayer&cx=c:151:930
db@https://www.googletagmanager.com/gtag/js?id=G-EJF27WH1D9&l=dataLayer&cx=c:156:446
H@https://www.googletagmanager.com/gtag/js?id=G-EJF27WH1D9&l=dataLayer&cx=c:173:1429
Zd@https://www.googletagmanager.com/gtag/js?id=G-EJF27WH1D9&l=dataLayer&cx=c:193:108
$d@https://www.googletagmanager.com/gtag/js?id=G-EJF27WH1D9&l=dataLayer&cx=c:193:221
fd.prototype.invoke@https://www.googletagmanager.com/gtag/js?id=G-EJF27WH1D9&l=dataLayer&cx=c:173:1181
db@https://www.googletagmanager.com/gtag/js?id=G-EJF27WH1D9&l=dataLayer&cx=c:156:576
H@https://www.googletagmanager.com/gtag/js?id=G-EJF27WH1D9&l=dataLayer&cx=c:173:1429
le@https://www.googletagmanager.com/gtag/js?id=G-EJF27WH1D9&l=dataLayer&cx=c:194:431
fd.prototype.invoke@https://www.googletagmanager.com/gtag/js?id=G-EJF27WH1D9&l=dataLayer&cx=c:173:1181
db@https://www.googletagmanager.com/gtag/js?id=G-EJF27WH1D9&l=dataLayer&cx=c:156:576
H@https://www.googletagmanager.com/gtag/js?id=G-EJF27WH1D9&l=dataLayer&cx=c:173:1429
ae@https://www.googletagmanager.com/gtag/js?id=G-EJF27WH1D9&l=dataLayer&cx=c:193:266
fd.prototype.invoke@https://www.googletagmanager.com/gtag/js?id=G-EJF27WH1D9&l=dataLayer&cx=c:173:1181
db@https://www.googletagmanager.com/gtag/js?id=G-EJF27WH1D9&l=dataLayer&cx=c:156:576
cb@https://www.googletagmanager.com/gtag/js?id=G-EJF27WH1D9&l=dataLayer&cx=c:156:375
Ud/<@https://www.googletagmanager.com/gtag/js?id=G-EJF27WH1D9&l=dataLayer&cx=c:192:384
fd.prototype.invoke@https://www.googletagmanager.com/gtag/js?id=G-EJF27WH1D9&l=dataLayer&cx=c:173:1181
ZF/<@https://www.googletagmanager.com/gtag/js?id=G-EJF27WH1D9&l=dataLayer&cx=c:560:693
zp@https://www.googletagmanager.com/gtag/js?id=G-EJF27WH1D9&l=dataLayer&cx=c:375:231
aa.om@https://www.googletagmanager.com/gtag/js?id=G-EJF27WH1D9&l=dataLayer&cx=c:547:136
aa.mm/k/<@https://www.googletagmanager.com/gtag/js?id=G-EJF27WH1D9&l=dataLayer&cx=c:533:494
Nj@https://www.googletagmanager.com/gtag/js?id=G-EJF27WH1D9&l=dataLayer&cx=c:292:235
Zj@https://www.googletagmanager.com/gtag/js?id=G-EJF27WH1D9&l=dataLayer&cx=c:295:349
k@https://www.googletagmanager.com/gtag/js?id=G-EJF27WH1D9&l=dataLayer&cx=c:533:480
c@https://www.googletagmanager.com/gtag/js?id=G-EJF27WH1D9&l=dataLayer&cx=c:337:169
sn@https://www.googletagmanager.com/gtag/js?id=G-EJF27WH1D9&l=dataLayer&cx=c:338:269
aa.mm@https://www.googletagmanager.com/gtag/js?id=G-EJF27WH1D9&l=dataLayer&cx=c:534:13
c@https://www.googletagmanager.com/gtag/js?id=G-EJF27WH1D9&l=dataLayer&cx=c:551:1035
ew@https://www.googletagmanager.com/gtag/js?id=G-EJF27WH1D9&l=dataLayer&cx=c:416:298
dw.prototype.flush@https://www.googletagmanager.com/gtag/js?id=G-EJF27WH1D9&l=dataLayer&cx=c:419:266
dw.prototype.push@https://www.googletagmanager.com/gtag/js?id=G-EJF27WH1D9&l=dataLayer&cx=c:417:207
Xv@https://www.googletagmanager.com/gtag/js?id=G-EJF27WH1D9&l=dataLayer&cx=c:414:434
tF/<@https://www.googletagmanager.com/gtag/js?id=G-EJF27WH1D9&l=dataLayer&cx=c:552:153
aa.Bk/<@https://www.googletagmanager.com/gtag/js?id=G-EJF27WH1D9&l=dataLayer&cx=c:505:126
aa.Bk/c/<@https://www.googletagmanager.com/gtag/js?id=G-EJF27WH1D9&l=dataLayer&cx=c:504:420
nrWrapper@https://www.turnitin.com/t_home.asp?login=1&svr=6&lang=en_us&r=73.1424157141831:22:16984

1695766445975	Marionette	INFO	Stopped listening on port 39627
1695766445998	Marionette	INFO	Stopped listening on port 35319
JavaScript error: resource://gre/modules/AsyncShutdown.sys.mjs, line 575: NotFoundError: No such JSWindowActor 'DevToolsFrame'
JavaScript error: resource://gre/modules/AsyncShutdown.sys.mjs, line 575: NotFoundError: No such JSWindowActor 'DevToolsFrame'
1695766446166	Marionette	INFO	Stopped listening on port 39971
console.error: services.settings: 
  Message: StorageError: Storage error: Error: IndexedDB: blocklists/gfx pruneAttachments() IndexedDB:  execute() The application is shutting down
  Stack:
    StorageError@resource://services-settings/RemoteSettingsClient.sys.mjs:157:5
_adjustedError@resource://services-settings/RemoteSettingsClient.sys.mjs:928:14
maybeSync@resource://services-settings/RemoteSettingsClient.sys.mjs:816:38
observe@resource://gre/modules/AsyncShutdown.sys.mjs:575:17

console.warn: services.settings: blocklists/addons-bloomfilters sync interrupted by shutdown
console.error: (new Error("IndexedDB: main/nimbus-preview getLastModified() IndexedDB:  execute() The application is shutting down", "resource://services-settings/IDBHelpers.sys.mjs", 16))
1695766685150	geckodriver	INFO	Listening on 127.0.0.1:44753
1695766685175	mozrunner::runner	INFO	Running command: MOZ_CRASHREPORTER="1" MOZ_CRASHREPORTER_NO_REPORT="1" MOZ_CRASHREPORTER_SHUTDOWN="1" MOZ_NO_REMOTE="1" "/usr ... te" "--remote-debugging-port" "60769" "--remote-allow-hosts" "localhost" "-no-remote" "-profile" "/tmp/rust_mozprofileGnULkz"
console.warn: services.settings: Ignoring preference override of remote settings server
console.warn: services.settings: Allow by setting MOZ_REMOTE_SETTINGS_DEVTOOLS=1 in the environment
[GFX1-]: vaapitest: ERROR
[GFX1-]: vaapitest: VA-API test failed: libva-drm.so.2 is missing.

ATTENTION: default value of option mesa_glthread overridden by environment.
ATTENTION: default value of option mesa_glthread overridden by environment.
ATTENTION: default value of option mesa_glthread overridden by environment.
1695766686485	Marionette	INFO	Marionette enabled
1695766686613	Marionette	INFO	Listening on port 37297
WebDriver BiDi listening on ws://127.0.0.1:60769
Read port: 37297
1695766687001	RemoteAgent	WARN	TLS certificate errors will be ignored for this session
console.error: ({})
DevTools listening on ws://127.0.0.1:60769/devtools/browser/1b28dfe1-7a87-4b23-ba93-c5f4795dc289
JavaScript error: resource://gre/modules/LoginManagerChild.sys.mjs, line 121: NS_NOINTERFACE: Component returned failure code: 0x80004002 (NS_NOINTERFACE) [nsIWebProgress.DOMWindow]
JavaScript error: resource://gre/modules/LoginManagerChild.sys.mjs, line 121: NS_NOINTERFACE: Component returned failure code: 0x80004002 (NS_NOINTERFACE) [nsIWebProgress.DOMWindow]
console.warn: LoginRecipes: "Falling back to a synchronous message for: https://www.turnitin.com."
console.warn: LoginRecipes: "Falling back to a synchronous message for: https://www.turnitin.com."
1695766695493	Marionette	WARN	Ignoring event 'DOMContentLoaded' because document has an invalid readyState of 'complete'.
console.error: "update.locale" " file doesn't exist in either the application or GRE directories"
1695767140706	geckodriver	INFO	Listening on 127.0.0.1:48437
1695767140716	mozrunner::runner	INFO	Running command: MOZ_CRASHREPORTER="1" MOZ_CRASHREPORTER_NO_REPORT="1" MOZ_CRASHREPORTER_SHUTDOWN="1" MOZ_NO_REMOTE="1" "/usr ... te" "--remote-debugging-port" "34859" "--remote-allow-hosts" "localhost" "-no-remote" "-profile" "/tmp/rust_mozprofileIPBsI1"
console.warn: services.settings: Ignoring preference override of remote settings server
console.warn: services.settings: Allow by setting MOZ_REMOTE_SETTINGS_DEVTOOLS=1 in the environment
[GFX1-]: vaapitest: ERROR
[GFX1-]: vaapitest: VA-API test failed: libva-drm.so.2 is missing.

ATTENTION: default value of option mesa_glthread overridden by environment.
ATTENTION: default value of option mesa_glthread overridden by environment.
ATTENTION: default value of option mesa_glthread overridden by environment.
1695767142098	Marionette	INFO	Marionette enabled
1695767142217	Marionette	INFO	Listening on port 37351
WebDriver BiDi listening on ws://127.0.0.1:34859
Read port: 37351
1695767142571	RemoteAgent	WARN	TLS certificate errors will be ignored for this session
console.error: ({})
DevTools listening on ws://127.0.0.1:34859/devtools/browser/455ffae6-587e-4ea3-a3f2-d71938c373c2
JavaScript error: resource://gre/modules/LoginManagerChild.sys.mjs, line 121: NS_NOINTERFACE: Component returned failure code: 0x80004002 (NS_NOINTERFACE) [nsIWebProgress.DOMWindow]
JavaScript error: resource://gre/modules/LoginManagerChild.sys.mjs, line 121: NS_NOINTERFACE: Component returned failure code: 0x80004002 (NS_NOINTERFACE) [nsIWebProgress.DOMWindow]
console.warn: LoginRecipes: "Falling back to a synchronous message for: https://www.turnitin.com."
console.warn: LoginRecipes: "Falling back to a synchronous message for: https://www.turnitin.com."
1695767152069	Marionette	WARN	Ignoring event 'DOMContentLoaded' because document has an invalid readyState of 'complete'.
console.error: "update.locale" " file doesn't exist in either the application or GRE directories"
Exiting due to channel error.
Exiting due to channel error.
Exiting due to channel error.
Exiting due to channel error.
Exiting due to channel error.
1695767672208	geckodriver	INFO	Listening on 127.0.0.1:53963
1695767672218	mozrunner::runner	INFO	Running command: MOZ_CRASHREPORTER="1" MOZ_CRASHREPORTER_NO_REPORT="1" MOZ_CRASHREPORTER_SHUTDOWN="1" MOZ_NO_REMOTE="1" "/usr ... te" "--remote-debugging-port" "38697" "--remote-allow-hosts" "localhost" "-no-remote" "-profile" "/tmp/rust_mozprofilekVEgKX"
console.warn: services.settings: Ignoring preference override of remote settings server
console.warn: services.settings: Allow by setting MOZ_REMOTE_SETTINGS_DEVTOOLS=1 in the environment
[GFX1-]: vaapitest: ERROR
[GFX1-]: vaapitest: VA-API test failed: libva-drm.so.2 is missing.

ATTENTION: default value of option mesa_glthread overridden by environment.
ATTENTION: default value of option mesa_glthread overridden by environment.
ATTENTION: default value of option mesa_glthread overridden by environment.
1695767673607	Marionette	INFO	Marionette enabled
1695767673734	Marionette	INFO	Listening on port 37195
WebDriver BiDi listening on ws://127.0.0.1:38697
Read port: 37195
1695767674077	RemoteAgent	WARN	TLS certificate errors will be ignored for this session
console.error: ({})
DevTools listening on ws://127.0.0.1:38697/devtools/browser/07d391e6-f3d5-4340-9dff-923176c300e1
JavaScript error: resource://gre/modules/LoginManagerChild.sys.mjs, line 121: NS_NOINTERFACE: Component returned failure code: 0x80004002 (NS_NOINTERFACE) [nsIWebProgress.DOMWindow]
JavaScript error: resource://gre/modules/LoginManagerChild.sys.mjs, line 121: NS_NOINTERFACE: Component returned failure code: 0x80004002 (NS_NOINTERFACE) [nsIWebProgress.DOMWindow]
console.warn: LoginRecipes: "Falling back to a synchronous message for: https://www.turnitin.com."
console.warn: LoginRecipes: "Falling back to a synchronous message for: https://www.turnitin.com."
1695767683230	Marionette	WARN	Ignoring event 'DOMContentLoaded' because document has an invalid readyState of 'complete'.
console.error: "update.locale" " file doesn't exist in either the application or GRE directories"
JavaScript warning: https://www.turnitin.com/t_home.asp?login=1&svr=6&lang=en_us&r=73.1424157141831, line 22: Script terminated by timeout at:
nrWrapper@https://www.turnitin.com/t_home.asp?login=1&svr=6&lang=en_us&r=73.1424157141831:22:16840

1695767725195	Marionette	INFO	Stopped listening on port 37195
JavaScript warning: https://www.turnitin.com/t_home.asp?login=1&svr=6&lang=en_us&r=73.1424157141831, line 22: Script terminated by timeout at:
nrWrapper@https://www.turnitin.com/t_home.asp?login=1&svr=6&lang=en_us&r=73.1424157141831:22:16840

1695767732190	Marionette	INFO	Stopped listening on port 37297
1695768905441	geckodriver	INFO	Listening on 127.0.0.1:38715
1695768905468	mozrunner::runner	INFO	Running command: MOZ_CRASHREPORTER="1" MOZ_CRASHREPORTER_NO_REPORT="1" MOZ_CRASHREPORTER_SHUTDOWN="1" MOZ_NO_REMOTE="1" "/usr ... te" "--remote-debugging-port" "56853" "--remote-allow-hosts" "localhost" "-no-remote" "-profile" "/tmp/rust_mozprofilecWeZao"
console.warn: services.settings: Ignoring preference override of remote settings server
console.warn: services.settings: Allow by setting MOZ_REMOTE_SETTINGS_DEVTOOLS=1 in the environment
[GFX1-]: vaapitest: ERROR
[GFX1-]: vaapitest: VA-API test failed: libva-drm.so.2 is missing.

ATTENTION: default value of option mesa_glthread overridden by environment.
ATTENTION: default value of option mesa_glthread overridden by environment.
ATTENTION: default value of option mesa_glthread overridden by environment.
1695768906991	Marionette	INFO	Marionette enabled
1695768907133	Marionette	INFO	Listening on port 34345
WebDriver BiDi listening on ws://127.0.0.1:56853
Read port: 34345
1695768907422	RemoteAgent	WARN	TLS certificate errors will be ignored for this session
console.error: ({})
DevTools listening on ws://127.0.0.1:56853/devtools/browser/1f1c16b6-ca9f-4754-93ff-4c2969e5458d
JavaScript error: resource://gre/modules/LoginManagerChild.sys.mjs, line 121: NS_NOINTERFACE: Component returned failure code: 0x80004002 (NS_NOINTERFACE) [nsIWebProgress.DOMWindow]
JavaScript error: resource://gre/modules/LoginManagerChild.sys.mjs, line 121: NS_NOINTERFACE: Component returned failure code: 0x80004002 (NS_NOINTERFACE) [nsIWebProgress.DOMWindow]
console.warn: LoginRecipes: "Falling back to a synchronous message for: https://www.turnitin.com."
console.warn: LoginRecipes: "Falling back to a synchronous message for: https://www.turnitin.com."
1695768916510	Marionette	WARN	Ignoring event 'DOMContentLoaded' because document has an invalid readyState of 'complete'.
console.error: "update.locale" " file doesn't exist in either the application or GRE directories"
JavaScript error: , line 0: NotFoundError: No such JSWindowActor 'DevToolsFrame'
JavaScript error: , line 0: NotFoundError: No such JSWindowActor 'DevToolsFrame'
JavaScript error: , line 0: NotFoundError: No such JSWindowActor 'DevToolsFrame'
JavaScript error: , line 0: NotFoundError: No such JSWindowActor 'DevToolsFrame'
Exiting due to channel error.
Exiting due to channel error.
Exiting due to channel error.
Exiting due to channel error.
Exiting due to channel error.
1695769232361	geckodriver	INFO	Listening on 127.0.0.1:42975
1695769232374	mozrunner::runner	INFO	Running command: MOZ_CRASHREPORTER="1" MOZ_CRASHREPORTER_NO_REPORT="1" MOZ_CRASHREPORTER_SHUTDOWN="1" MOZ_NO_REMOTE="1" "/usr ... te" "--remote-debugging-port" "54233" "--remote-allow-hosts" "localhost" "-no-remote" "-profile" "/tmp/rust_mozprofilex2WdKD"
console.warn: services.settings: Ignoring preference override of remote settings server
console.warn: services.settings: Allow by setting MOZ_REMOTE_SETTINGS_DEVTOOLS=1 in the environment
[GFX1-]: vaapitest: ERROR
[GFX1-]: vaapitest: VA-API test failed: libva-drm.so.2 is missing.

ATTENTION: default value of option mesa_glthread overridden by environment.
ATTENTION: default value of option mesa_glthread overridden by environment.
ATTENTION: default value of option mesa_glthread overridden by environment.
1695769233750	Marionette	INFO	Marionette enabled
1695769233879	Marionette	INFO	Listening on port 45811
WebDriver BiDi listening on ws://127.0.0.1:54233
Read port: 45811
1695769234254	RemoteAgent	WARN	TLS certificate errors will be ignored for this session
console.error: ({})
DevTools listening on ws://127.0.0.1:54233/devtools/browser/56d5786c-0d07-45e5-bd94-ab19848b5fb6
JavaScript error: resource://gre/modules/LoginManagerChild.sys.mjs, line 121: NS_NOINTERFACE: Component returned failure code: 0x80004002 (NS_NOINTERFACE) [nsIWebProgress.DOMWindow]
JavaScript error: resource://gre/modules/LoginManagerChild.sys.mjs, line 121: NS_NOINTERFACE: Component returned failure code: 0x80004002 (NS_NOINTERFACE) [nsIWebProgress.DOMWindow]
console.warn: LoginRecipes: "Falling back to a synchronous message for: https://www.turnitin.com."
console.warn: LoginRecipes: "Falling back to a synchronous message for: https://www.turnitin.com."
1695769242395	Marionette	WARN	Ignoring event 'DOMContentLoaded' because document has an invalid readyState of 'complete'.
JavaScript error: https://www.turnitin.com/t_create_assignment.asp?svr=6&lang=en_us&r=49.1768576268907, line 437: TypeError: userButton is null
console.error: "update.locale" " file doesn't exist in either the application or GRE directories"
Exiting due to channel error.
Exiting due to channel error.
Exiting due to channel error.
Exiting due to channel error.
Exiting due to channel error.
1695769563635	geckodriver	INFO	Listening on 127.0.0.1:35495
1695769563643	mozrunner::runner	INFO	Running command: MOZ_CRASHREPORTER="1" MOZ_CRASHREPORTER_NO_REPORT="1" MOZ_CRASHREPORTER_SHUTDOWN="1" MOZ_NO_REMOTE="1" "/usr ... te" "--remote-debugging-port" "54879" "--remote-allow-hosts" "localhost" "-no-remote" "-profile" "/tmp/rust_mozprofileIhfI2i"
console.warn: services.settings: Ignoring preference override of remote settings server
console.warn: services.settings: Allow by setting MOZ_REMOTE_SETTINGS_DEVTOOLS=1 in the environment
[GFX1-]: vaapitest: ERROR
[GFX1-]: vaapitest: VA-API test failed: libva-drm.so.2 is missing.

ATTENTION: default value of option mesa_glthread overridden by environment.
ATTENTION: default value of option mesa_glthread overridden by environment.
ATTENTION: default value of option mesa_glthread overridden by environment.
1695769565029	Marionette	INFO	Marionette enabled
1695769565153	Marionette	INFO	Listening on port 35159
WebDriver BiDi listening on ws://127.0.0.1:54879
Read port: 35159
1695769565549	RemoteAgent	WARN	TLS certificate errors will be ignored for this session
console.error: ({})
DevTools listening on ws://127.0.0.1:54879/devtools/browser/e7e802ae-133a-419a-b265-e34001c0cfd4
JavaScript error: resource://gre/modules/LoginManagerChild.sys.mjs, line 121: NS_NOINTERFACE: Component returned failure code: 0x80004002 (NS_NOINTERFACE) [nsIWebProgress.DOMWindow]
JavaScript error: resource://gre/modules/LoginManagerChild.sys.mjs, line 121: NS_NOINTERFACE: Component returned failure code: 0x80004002 (NS_NOINTERFACE) [nsIWebProgress.DOMWindow]
console.warn: LoginRecipes: "Falling back to a synchronous message for: https://www.turnitin.com."
console.warn: LoginRecipes: "Falling back to a synchronous message for: https://www.turnitin.com."
1695769575256	Marionette	WARN	Ignoring event 'DOMContentLoaded' because document has an invalid readyState of 'complete'.
console.error: "update.locale" " file doesn't exist in either the application or GRE directories"
1695769617537	geckodriver	INFO	Listening on 127.0.0.1:38101
1695769617547	mozrunner::runner	INFO	Running command: MOZ_CRASHREPORTER="1" MOZ_CRASHREPORTER_NO_REPORT="1" MOZ_CRASHREPORTER_SHUTDOWN="1" MOZ_NO_REMOTE="1" "/usr ... te" "--remote-debugging-port" "60305" "--remote-allow-hosts" "localhost" "-no-remote" "-profile" "/tmp/rust_mozprofile9eyciN"
console.warn: services.settings: Ignoring preference override of remote settings server
console.warn: services.settings: Allow by setting MOZ_REMOTE_SETTINGS_DEVTOOLS=1 in the environment
[GFX1-]: vaapitest: ERROR
[GFX1-]: vaapitest: VA-API test failed: libva-drm.so.2 is missing.

ATTENTION: default value of option mesa_glthread overridden by environment.
ATTENTION: default value of option mesa_glthread overridden by environment.
ATTENTION: default value of option mesa_glthread overridden by environment.
1695769618941	Marionette	INFO	Marionette enabled
1695769619072	Marionette	INFO	Listening on port 36301
WebDriver BiDi listening on ws://127.0.0.1:60305
Read port: 36301
1695769619464	RemoteAgent	WARN	TLS certificate errors will be ignored for this session
console.error: ({})
DevTools listening on ws://127.0.0.1:60305/devtools/browser/aa61cc32-d332-4d19-aa42-afef2e997c1d
JavaScript warning: https://www.turnitin.com/t_class_home.asp?r=17.1653847067947&svr=6&lang=en_us&aid=116995&cid=40821130, line 22: Script terminated by timeout at:
nrWrapper@https://www.turnitin.com/t_class_home.asp?r=17.1653847067947&svr=6&lang=en_us&aid=116995&cid=40821130:22:16840

1695769624516	Marionette	INFO	Stopped listening on port 35159
JavaScript error: resource://gre/modules/LoginManagerChild.sys.mjs, line 121: NS_NOINTERFACE: Component returned failure code: 0x80004002 (NS_NOINTERFACE) [nsIWebProgress.DOMWindow]
JavaScript error: resource://gre/modules/LoginManagerChild.sys.mjs, line 121: NS_NOINTERFACE: Component returned failure code: 0x80004002 (NS_NOINTERFACE) [nsIWebProgress.DOMWindow]
console.warn: LoginRecipes: "Falling back to a synchronous message for: https://www.turnitin.com."
console.warn: LoginRecipes: "Falling back to a synchronous message for: https://www.turnitin.com."
1695769629854	Marionette	WARN	Ignoring event 'DOMContentLoaded' because document has an invalid readyState of 'complete'.
console.error: "update.locale" " file doesn't exist in either the application or GRE directories"
JavaScript error: https://www.turnitin.com/t_class_home.asp?r=56.9411429148502&svr=6&lang=en_us&aid=116995&cid=40821130, line 382: TypeError: userButton is null
JavaScript error: https://www.turnitin.com/t_create_assignment.asp?svr=6&lang=en_us&r=85.3236712169149, line 437: TypeError: userButton is null
JavaScript error: https://www.turnitin.com/t_class_home.asp?r=56.9411429148502&svr=6&lang=en_us&aid=116995&cid=40821130, line 382: TypeError: userButton is null
Exiting due to channel error.
Exiting due to channel error.
Exiting due to channel error.
Exiting due to channel error.
Exiting due to channel error.
